\BOOKMARK [1][]{sec:title.1}{Title page}{}% 1
\BOOKMARK [1][]{toc.1}{Contents}{}% 2
\BOOKMARK [0][]{section*.2}{List of Figures }{}% 3
\BOOKMARK [0][]{section*.4}{List of Tables }{}% 4
\BOOKMARK [0][]{chapter.1}{1 Introduction}{}% 5
\BOOKMARK [0][]{chapter.2}{2 Literature Review}{}% 6
\BOOKMARK [1][]{section.2.1}{2.1 Object Tracking}{chapter.2}% 7
\BOOKMARK [1][]{section.2.2}{2.2 Neural Networks}{chapter.2}% 8
\BOOKMARK [0][]{chapter.3}{3 Background Knowledge}{}% 9
\BOOKMARK [1][]{section.3.1}{3.1 Bayesian Occupancy Filter \(BOF\)}{chapter.3}% 10
\BOOKMARK [2][]{subsection.3.1.1}{3.1.1 Bayesian Filtering}{section.3.1}% 11
\BOOKMARK [2][]{subsection.3.1.2}{3.1.2 Bayesian Occupancy Filter Formulation}{section.3.1}% 12
\BOOKMARK [2][]{subsection.3.1.3}{3.1.3 BOF with Map Knowledge and Motion Model}{section.3.1}% 13
\BOOKMARK [1][]{section.3.2}{3.2 Fully Convolutional Neural Network}{chapter.3}% 14
\BOOKMARK [2][]{subsection.3.2.1}{3.2.1 Densely Connected Convolutional Networks \(DenseNets\)}{section.3.2}% 15
\BOOKMARK [2][]{subsection.3.2.2}{3.2.2 Fully Convolutional DenseNets}{section.3.2}% 16
\BOOKMARK [1][]{section.3.3}{3.3 Metrics}{chapter.3}% 17
\BOOKMARK [0][]{chapter.4}{4 Implementation Details}{}% 18
\BOOKMARK [1][]{section.4.1}{4.1 Human Trajectory Simulation}{chapter.4}% 19
\BOOKMARK [1][]{section.4.2}{4.2 Architecture of Neural Network}{chapter.4}% 20
\BOOKMARK [1][]{section.4.3}{4.3 Implementation of BOFUM}{chapter.4}% 21
\BOOKMARK [1][]{section.4.4}{4.4 Hyperparameter Tuning}{chapter.4}% 22
\BOOKMARK [0][]{chapter.5}{5 Results}{}% 23
\BOOKMARK [1][]{section.5.1}{5.1 Overview of Datasets}{chapter.5}% 24
\BOOKMARK [2][]{subsection.5.1.1}{5.1.1 Simulated Dataset}{section.5.1}% 25
\BOOKMARK [2][]{subsection.5.1.2}{5.1.2 Real Dataset}{section.5.1}% 26
\BOOKMARK [1][]{section.5.2}{5.2 Evaluation of Tracking Performance}{chapter.5}% 27
\BOOKMARK [2][]{subsection.5.2.1}{5.2.1 Tracking on Simulated Data}{section.5.2}% 28
\BOOKMARK [2][]{subsection.5.2.2}{5.2.2 Tracking on Real Data}{section.5.2}% 29
\BOOKMARK [0][]{chapter.6}{6 Outlooks}{}% 30
\BOOKMARK [1][]{section.6.1}{6.1 End to End Training}{chapter.6}% 31
\BOOKMARK [1][]{section.6.2}{6.2 Future Work}{chapter.6}% 32
\BOOKMARK [0][]{chapter.7}{7 Summary of Results}{}% 33
\BOOKMARK [1][]{section.7.1}{7.1 \040Neural Network Training}{chapter.7}% 34
\BOOKMARK [1][]{section.7.2}{7.2 Human Trajectory Simulation}{chapter.7}% 35
\BOOKMARK [1][]{section.7.3}{7.3 Object Tracking using Bayesian Occupancy Filter}{chapter.7}% 36
\BOOKMARK [1][]{section.7.4}{7.4 Comparision between BOFUM and BOFMP}{chapter.7}% 37
\BOOKMARK [2][]{subsection.7.4.1}{7.4.1 On simulated data}{section.7.4}% 38
\BOOKMARK [2][]{subsection.7.4.2}{7.4.2 On real data}{section.7.4}% 39
