\BOOKMARK [1][]{sec:title.1}{Title page}{}% 1
\BOOKMARK [1][]{toc.1}{Contents}{}% 2
\BOOKMARK [0][]{section*.2}{List of Figures }{}% 3
\BOOKMARK [0][]{section*.4}{List of Tables }{}% 4
\BOOKMARK [0][]{chapter.1}{1 Introduction}{}% 5
\BOOKMARK [0][]{chapter.2}{2 Literature Review}{}% 6
\BOOKMARK [1][]{section.2.1}{2.1 Literature Related to Neural Networks}{chapter.2}% 7
\BOOKMARK [1][]{section.2.2}{2.2 Literature Related to Object Tracking}{chapter.2}% 8
\BOOKMARK [0][]{chapter.3}{3 Background Knowledge}{}% 9
\BOOKMARK [1][]{section.3.1}{3.1 Bayesian Occupancy Filter \(BOF\)}{chapter.3}% 10
\BOOKMARK [2][]{subsection.3.1.1}{3.1.1 Bayesian Filtering}{section.3.1}% 11
\BOOKMARK [2][]{subsection.3.1.2}{3.1.2 Bayesian Occupancy Filter Formulation}{section.3.1}% 12
\BOOKMARK [1][]{section.3.2}{3.2 Fully Convolutional Neural Network}{chapter.3}% 13
\BOOKMARK [2][]{subsection.3.2.1}{3.2.1 Densely Connected Convolutional Networks \(DenseNets\)}{section.3.2}% 14
\BOOKMARK [2][]{subsection.3.2.2}{3.2.2 Fully Convolutional DenseNets}{section.3.2}% 15
\BOOKMARK [1][]{section.3.3}{3.3 Metrics}{chapter.3}% 16
\BOOKMARK [0][]{chapter.4}{4 Implementation Details}{}% 17
\BOOKMARK [1][]{section.4.1}{4.1 Architecture of Neural Network}{chapter.4}% 18
\BOOKMARK [1][]{section.4.2}{4.2 Implementation of BOFUM}{chapter.4}% 19
\BOOKMARK [1][]{section.4.3}{4.3 Hyperparameter Tuning}{chapter.4}% 20
\BOOKMARK [0][]{chapter.5}{5 Results}{}% 21
\BOOKMARK [1][]{section.5.1}{5.1 Overview of Datasets}{chapter.5}% 22
\BOOKMARK [2][]{subsection.5.1.1}{5.1.1 Simulated Human Trajectory Dataset}{section.5.1}% 23
\BOOKMARK [2][]{subsection.5.1.2}{5.1.2 Real Human Trajectory Dataset}{section.5.1}% 24
\BOOKMARK [1][]{section.5.2}{5.2 Tracking on Simulated Data}{chapter.5}% 25
\BOOKMARK [1][]{section.5.3}{5.3 Tracking on Real Data}{chapter.5}% 26
\BOOKMARK [0][]{chapter.6}{6 Outlooks}{}% 27
\BOOKMARK [1][]{section.6.1}{6.1 End to End Training}{chapter.6}% 28
\BOOKMARK [1][]{section.6.2}{6.2 Future Work}{chapter.6}% 29
